Flutter Receipe App/recipe_app/build/app/outputs/mapping/release/seeds.txt
com.food.receipeapp.MainActivity
com.food.receipeapp.MainActivity: MainActivity()
...
com.google.android.gms.internal.ads.zzhgu: byte zzm
com.google.android.gms.internal.ads.zzbcb$zzai: int zzf
com.google.android.gms.internal.ads.zzgwm: com.google.android.gms.internal.ads.zzgwb zzd
com.google.android.gms.internal.ads.zzarx: com.google.android.gms.internal.ads.zzhcx zzb
com.google.android.gms.internal.ads.zzbcb$zzaw: int zza
com.google.android.gms.internal.ads.zzbcb$zzac: com.google.android.gms.internal.ads.zzbcb$zzap zzg
com.google.android.gms.internal.ads.zzbcb$zzap: int zza
com.google.android.gms.internal.ads.zzhfd: boolean zzv
com.dexterous.flutterlocalnotifications.models.IconSource: com.dexterous.flutterlocalnotifications.models.IconSource BitmapFilePath
com.google.android.gms.internal.ads.zzbcb$zza: int zzf
com.google.android.gms.internal.ads.zzath: long zzJ
com.google.android.gms.internal.ads.zzbcb$zzat: int zzd
com.google.android.gms.internal.ads.zzhho: com.google.android.gms.internal.ads.zzhho zza
com.dexterous.flutterlocalnotifications.models.styles.BigTextStyleInformation: java.lang.String bigText
com.google.android.gms.internal.ads.zzbcb$zzi: int zza
com.google.android.gms.internal.ads.zzbcb$zzt: int zzh
com.google.android.gms.internal.ads.zzbcb$zza: int zzi
com.dexterous.flutterlocalnotifications.models.NotificationChannelGroupDetails: java.lang.String description
com.google.android.gms.internal.ads.zzgxl: com.google.android.gms.internal.ads.zzgzs zzd
com.google.android.gms.internal.ads.zzath: int zzaS
com.google.android.gms.internal.ads.zzbcb$zzau: com.google.android.gms.internal.ads.zzbcb$zzap zzi
com.google.android.gms.internal.ads.zzhfu: com.google.android.gms.internal.ads.zzgzs zzf
com.google.android.gms.internal.ads.zzfmz: com.google.android.gms.internal.ads.zzhbq zzc
com.google.android.gms.internal.ads.zzatj: com.google.android.gms.internal.ads.zzhcx zzb
com.google.android.gms.internal.ads.zzbcb$zzaw: int zzd
com.google.android.gms.internal.ads.zzfmh: java.lang.String zzT
com.dexterous.flutterlocalnotifications.models.NotificationAction: java.lang.String CONTEXTUAL
com.dexterous.flutterlocalnotifications.FlutterLocalNotificationsPlugin: java.lang.String EXACT_ALARMS_PERMISSION_ERROR_CODE
android.support.v4.media.session.PlaybackStateCompat$CustomAction: android.os.Parcelable$Creator CREATOR
com.google.android.gms.internal.ads.zzgwi: boolean zzf
com.google.android.gms.internal.ads.zzfsj: android.os.Parcelable$Creator CREATOR
com.google.android.gms.internal.ads.zzbcb$zzal: int zze
com.google.android.gms.internal.ads.zzhgu: com.google.android.gms.internal.ads.zzhgu zza
com.google.android.gms.internal.ads.zzbcb$zzaf: int zzc
com.google.android.gms.internal.ads.zzate: com.google.android.gms.internal.ads.zzhcx zzb
com.google.android.gms.internal.ads.zzhgw: int zzc
com.google.android.gms.internal.ads.zzbcb$zzm: int zzg
com.google.android.gms.internal.ads.zzbcb$zzbg: int zzc
com.google.android.gms.internal.ads.zzbcb$zzap: int zzf
com.google.android.gms.internal.ads.zzfmh: int zzG
com.google.android.gms.internal.ads.zzhhe: com.google.android.gms.internal.ads.zzhfh zzi
com.google.android.gms.internal.ads.zzhhe: int zzJ
io.flutter.embedding.engine.renderer.SurfaceTextureWrapper: boolean attached
com.google.android.gms.internal.ads.zzhgu: com.google.android.gms.internal.ads.zzhfv zzf
com.google.android.gms.internal.ads.zzasu: int zzc
com.google.android.gms.internal.ads.zzbcb$zzay: int zza
com.dexterous.flutterlocalnotifications.models.NotificationDetails: java.lang.String HTML_FORMAT_CONTENT_TITLE
com.google.android.gms.internal.ads.zzbcb$zzba: int zzm
com.dexterous.flutterlocalnotifications.models.styles.BigTextStyleInformation: java.lang.String summaryText
com.google.android.gms.internal.ads.zzfmh: java.lang.String zzK
com.google.android.gms.internal.ads.zzahc: android.os.Parcelable$Creator CREATOR
androidx.work.impl.utils.futures.AbstractFuture: java.lang.Object value
com.google.android.gms.internal.ads.zzhfl: com.google.android.gms.internal.ads.zzhfl zza